Command line invocation:
    /Applications/Xcode.app/Contents/Developer/usr/bin/xcodebuild -project ios-stations.xcodeproj -scheme ios-stations -sdk iphonesimulator -destination "platform=iOS Simulator,name=iPhone 15 Pro" "-only-testing:ios-stationsTests/ios_stationsTests/testStation17" test

User defaults from command line:
    IDEPackageSupportUseBuiltinSCM = YES

Build settings from command line:
    SDKROOT = iphonesimulator18.1

Resolve Package Graph


Resolved source packages:
  Alamofire: https://github.com/Alamofire/Alamofire.git @ 5.4.3

2024-10-29 20:13:14.637 xcodebuild[88356:89181716] Writing error result bundle to /var/folders/ff/0yw22s6s48x3bz22p0s0mvtc0000gn/T/ResultBundle_2024-29-10_20-13-0014.xcresult
xcodebuild: error: Unable to find a device matching the provided destination specifier:
		{ platform:iOS Simulator, OS:latest, name:iPhone 15 Pro }

	The requested device could not be found because no available devices matched the request.

	Available destinations for the "ios-stations" scheme:
		{ platform:macOS, arch:arm64, variant:Designed for [iPad,iPhone], id:00008103-000C51D21EF3001E, name:My Mac }
		{ platform:iOS, id:dvtdevice-DVTiPhonePlaceholder-iphoneos:placeholder, name:Any iOS Device }
		{ platform:iOS Simulator, id:dvtdevice-DVTiOSDeviceSimulatorPlaceholder-iphonesimulator:placeholder, name:Any iOS Simulator Device }
		{ platform:iOS Simulator, id:FF35FA6E-FAE2-4D55-829D-2EBCB8B27DCC, OS:17.0, name:iPad (10th generation) }
		{ platform:iOS Simulator, id:FF35FA6E-FAE2-4D55-829D-2EBCB8B27DCC, OS:17.0, name:iPad (10th generation) }
		{ platform:iOS Simulator, id:ACD89A2D-D568-471F-8E30-6D510C3EB1BD, OS:17.5, name:iPad (10th generation) }
		{ platform:iOS Simulator, id:ACD89A2D-D568-471F-8E30-6D510C3EB1BD, OS:17.5, name:iPad (10th generation) }
		{ platform:iOS Simulator, id:9CAC8C88-FE5B-4BDA-A739-8745862EC922, OS:18.0, name:iPad (10th generation) }
		{ platform:iOS Simulator, id:9CAC8C88-FE5B-4BDA-A739-8745862EC922, OS:18.0, name:iPad (10th generation) }
		{ platform:iOS Simulator, id:31FB3A02-6FAD-482B-AACB-DE1F061098FA, OS:18.1, name:iPad (10th generation) }
		{ platform:iOS Simulator, id:31FB3A02-6FAD-482B-AACB-DE1F061098FA, OS:18.1, name:iPad (10th generation) }
		{ platform:iOS Simulator, id:F34478A9-C3E5-4757-94CC-132F08ED9F67, OS:17.0, name:iPad Air (5th generation) }
		{ platform:iOS Simulator, id:F34478A9-C3E5-4757-94CC-132F08ED9F67, OS:17.0, name:iPad Air (5th generation) }
		{ platform:iOS Simulator, id:18B77D6D-4D38-4028-8004-7712DC364CB7, OS:17.5, name:iPad Air 11-inch (M2) }
		{ platform:iOS Simulator, id:18B77D6D-4D38-4028-8004-7712DC364CB7, OS:17.5, name:iPad Air 11-inch (M2) }
		{ platform:iOS Simulator, id:8CBC1CAE-249C-4FCA-A419-459C934106CD, OS:18.0, name:iPad Air 11-inch (M2) }
		{ platform:iOS Simulator, id:8CBC1CAE-249C-4FCA-A419-459C934106CD, OS:18.0, name:iPad Air 11-inch (M2) }
		{ platform:iOS Simulator, id:DD8909CF-0442-4CBA-A939-83789F287DA4, OS:18.1, name:iPad Air 11-inch (M2) }
		{ platform:iOS Simulator, id:DD8909CF-0442-4CBA-A939-83789F287DA4, OS:18.1, name:iPad Air 11-inch (M2) }
		{ platform:iOS Simulator, id:EF426DDA-19EF-42FF-B05B-866487EA6D97, OS:17.5, name:iPad Air 13-inch (M2) }
		{ platform:iOS Simulator, id:EF426DDA-19EF-42FF-B05B-866487EA6D97, OS:17.5, name:iPad Air 13-inch (M2) }
		{ platform:iOS Simulator, id:8CCDCC92-5E5B-4BFD-BCC8-C43BADB87E75, OS:18.0, name:iPad Air 13-inch (M2) }
		{ platform:iOS Simulator, id:8CCDCC92-5E5B-4BFD-BCC8-C43BADB87E75, OS:18.0, name:iPad Air 13-inch (M2) }
		{ platform:iOS Simulator, id:17342BFF-2F1A-4BB6-B0C7-59C2A85EBB25, OS:18.1, name:iPad Air 13-inch (M2) }
		{ platform:iOS Simulator, id:17342BFF-2F1A-4BB6-B0C7-59C2A85EBB25, OS:18.1, name:iPad Air 13-inch (M2) }
		{ platform:iOS Simulator, id:FC1328E8-0B8C-43AE-8E02-DD28646FA694, OS:17.0, name:iPad Pro (11-inch) (4th generation) }
		{ platform:iOS Simulator, id:FC1328E8-0B8C-43AE-8E02-DD28646FA694, OS:17.0, name:iPad Pro (11-inch) (4th generation) }
		{ platform:iOS Simulator, id:063873EF-4773-42B4-A316-06261B052633, OS:17.0, name:iPad Pro (12.9-inch) (6th generation) }
		{ platform:iOS Simulator, id:063873EF-4773-42B4-A316-06261B052633, OS:17.0, name:iPad Pro (12.9-inch) (6th generation) }
		{ platform:iOS Simulator, id:3FC93DF4-3204-4940-B715-BF713C54CAE8, OS:17.5, name:iPad Pro 11-inch (M4) }
		{ platform:iOS Simulator, id:3FC93DF4-3204-4940-B715-BF713C54CAE8, OS:17.5, name:iPad Pro 11-inch (M4) }
		{ platform:iOS Simulator, id:C035F97B-A19A-47DE-A978-EFEF3609DD66, OS:18.0, name:iPad Pro 11-inch (M4) }
		{ platform:iOS Simulator, id:C035F97B-A19A-47DE-A978-EFEF3609DD66, OS:18.0, name:iPad Pro 11-inch (M4) }
		{ platform:iOS Simulator, id:47731CD2-9D8D-49FE-B42C-663C3F2D99A6, OS:18.1, name:iPad Pro 11-inch (M4) }
		{ platform:iOS Simulator, id:47731CD2-9D8D-49FE-B42C-663C3F2D99A6, OS:18.1, name:iPad Pro 11-inch (M4) }
		{ platform:iOS Simulator, id:590CFE16-3939-4694-8567-1C93197D1E3D, OS:17.5, name:iPad Pro 13-inch (M4) }
		{ platform:iOS Simulator, id:590CFE16-3939-4694-8567-1C93197D1E3D, OS:17.5, name:iPad Pro 13-inch (M4) }
		{ platform:iOS Simulator, id:3BFAB162-19A5-416E-A520-3C94BFCE3E79, OS:18.0, name:iPad Pro 13-inch (M4) }
		{ platform:iOS Simulator, id:3BFAB162-19A5-416E-A520-3C94BFCE3E79, OS:18.0, name:iPad Pro 13-inch (M4) }
		{ platform:iOS Simulator, id:78626E29-9B7A-40DD-9F15-23ABE8565FF7, OS:18.1, name:iPad Pro 13-inch (M4) }
		{ platform:iOS Simulator, id:78626E29-9B7A-40DD-9F15-23ABE8565FF7, OS:18.1, name:iPad Pro 13-inch (M4) }
		{ platform:iOS Simulator, id:ACEE6817-978A-4730-87E3-CEC8C5CB6D83, OS:17.0, name:iPad mini (6th generation) }
		{ platform:iOS Simulator, id:ACEE6817-978A-4730-87E3-CEC8C5CB6D83, OS:17.0, name:iPad mini (6th generation) }
		{ platform:iOS Simulator, id:EFFCA568-7E14-4159-8E0D-F750F16C5930, OS:17.5, name:iPad mini (6th generation) }
		{ platform:iOS Simulator, id:EFFCA568-7E14-4159-8E0D-F750F16C5930, OS:17.5, name:iPad mini (6th generation) }
		{ platform:iOS Simulator, id:74207D46-0A4B-4611-818D-FBB1DE0028ED, OS:18.0, name:iPad mini (6th generation) }
		{ platform:iOS Simulator, id:74207D46-0A4B-4611-818D-FBB1DE0028ED, OS:18.0, name:iPad mini (6th generation) }
		{ platform:iOS Simulator, id:266596BD-C70E-4775-8694-13B7E6DAE420, OS:18.1, name:iPad mini (A17 Pro) }
		{ platform:iOS Simulator, id:266596BD-C70E-4775-8694-13B7E6DAE420, OS:18.1, name:iPad mini (A17 Pro) }
		{ platform:iOS Simulator, id:209E0780-8FB0-49B8-99E6-C3710D15401E, OS:17.5, name:iPhone 12 }
		{ platform:iOS Simulator, id:209E0780-8FB0-49B8-99E6-C3710D15401E, OS:17.5, name:iPhone 12 }
		{ platform:iOS Simulator, id:3A0F59BD-2FF0-4BD1-9914-1D07ED114F09, OS:17.5, name:iPhone 12 Pro }
		{ platform:iOS Simulator, id:3A0F59BD-2FF0-4BD1-9914-1D07ED114F09, OS:17.5, name:iPhone 12 Pro }
		{ platform:iOS Simulator, id:9C0F575F-A945-4E8A-954F-57E0DCD46C35, OS:17.5, name:iPhone 12 Pro Max }
		{ platform:iOS Simulator, id:9C0F575F-A945-4E8A-954F-57E0DCD46C35, OS:17.5, name:iPhone 12 Pro Max }
		{ platform:iOS Simulator, id:ED6691E8-A2BB-4356-9719-969B2DBB384C, OS:17.5, name:iPhone 12 mini }
		{ platform:iOS Simulator, id:ED6691E8-A2BB-4356-9719-969B2DBB384C, OS:17.5, name:iPhone 12 mini }
		{ platform:iOS Simulator, id:61C4AEF9-374C-48EA-B3CA-DB034A73EEC5, OS:17.5, name:iPhone 13 }
		{ platform:iOS Simulator, id:61C4AEF9-374C-48EA-B3CA-DB034A73EEC5, OS:17.5, name:iPhone 13 }
		{ platform:iOS Simulator, id:FCB7B070-3800-4F83-A91A-9B22D819F7F4, OS:17.5, name:iPhone 13 Pro }
		{ platform:iOS Simulator, id:FCB7B070-3800-4F83-A91A-9B22D819F7F4, OS:17.5, name:iPhone 13 Pro }
		{ platform:iOS Simulator, id:F2C02FB0-C195-4B1F-A3CB-62C2E26587DE, OS:17.5, name:iPhone 13 Pro Max }
		{ platform:iOS Simulator, id:F2C02FB0-C195-4B1F-A3CB-62C2E26587DE, OS:17.5, name:iPhone 13 Pro Max }
		{ platform:iOS Simulator, id:162CC52F-1F6E-4203-ADB7-C3DC3275ABB1, OS:17.5, name:iPhone 13 mini }
		{ platform:iOS Simulator, id:162CC52F-1F6E-4203-ADB7-C3DC3275ABB1, OS:17.5, name:iPhone 13 mini }
		{ platform:iOS Simulator, id:376613DD-475A-432D-B629-1CAC3F69F369, OS:17.5, name:iPhone 14 }
		{ platform:iOS Simulator, id:376613DD-475A-432D-B629-1CAC3F69F369, OS:17.5, name:iPhone 14 }
		{ platform:iOS Simulator, id:A2FCD2E0-F8AF-41D3-9ACD-6FA955A2DF08, OS:17.5, name:iPhone 14 Plus }
		{ platform:iOS Simulator, id:A2FCD2E0-F8AF-41D3-9ACD-6FA955A2DF08, OS:17.5, name:iPhone 14 Plus }
		{ platform:iOS Simulator, id:F8988240-9A55-4994-9694-1B75CD5B0323, OS:17.5, name:iPhone 14 Pro }
		{ platform:iOS Simulator, id:F8988240-9A55-4994-9694-1B75CD5B0323, OS:17.5, name:iPhone 14 Pro }
		{ platform:iOS Simulator, id:2630889A-353A-4FA1-8BE3-9E79882A9082, OS:17.5, name:iPhone 14 Pro Max }
		{ platform:iOS Simulator, id:2630889A-353A-4FA1-8BE3-9E79882A9082, OS:17.5, name:iPhone 14 Pro Max }
		{ platform:iOS Simulator, id:2E601F90-A62D-4BD7-B4BA-D8BDECD6E2AE, OS:17.0, name:iPhone 15 }
		{ platform:iOS Simulator, id:2E601F90-A62D-4BD7-B4BA-D8BDECD6E2AE, OS:17.0, name:iPhone 15 }
		{ platform:iOS Simulator, id:80709068-4DA3-4C42-B841-7A9964F1C081, OS:17.5, name:iPhone 15 }
		{ platform:iOS Simulator, id:80709068-4DA3-4C42-B841-7A9964F1C081, OS:17.5, name:iPhone 15 }
		{ platform:iOS Simulator, id:53B11E13-2DD5-4C91-A4BB-714512AF7171, OS:17.0, name:iPhone 15 Plus }
		{ platform:iOS Simulator, id:53B11E13-2DD5-4C91-A4BB-714512AF7171, OS:17.0, name:iPhone 15 Plus }
		{ platform:iOS Simulator, id:0C786DA9-8F9D-41B9-A373-51BFFD54E872, OS:17.5, name:iPhone 15 Plus }
		{ platform:iOS Simulator, id:0C786DA9-8F9D-41B9-A373-51BFFD54E872, OS:17.5, name:iPhone 15 Plus }
		{ platform:iOS Simulator, id:6AB1485E-2F2A-44D4-92F7-7638106212AC, OS:17.5, name:iPhone 15 Plus }
		{ platform:iOS Simulator, id:6AB1485E-2F2A-44D4-92F7-7638106212AC, OS:17.5, name:iPhone 15 Plus }
		{ platform:iOS Simulator, id:EB018481-C40C-4119-9AC9-557FA43B9445, OS:17.0, name:iPhone 15 Pro }
		{ platform:iOS Simulator, id:EB018481-C40C-4119-9AC9-557FA43B9445, OS:17.0, name:iPhone 15 Pro }
		{ platform:iOS Simulator, id:53E6D31F-D742-417B-BF4F-B82F15019C60, OS:17.5, name:iPhone 15 Pro }
		{ platform:iOS Simulator, id:53E6D31F-D742-417B-BF4F-B82F15019C60, OS:17.5, name:iPhone 15 Pro }
		{ platform:iOS Simulator, id:4AF9F697-781C-4128-A989-94A557A13AFC, OS:18.0, name:iPhone 15 Pro }
		{ platform:iOS Simulator, id:4AF9F697-781C-4128-A989-94A557A13AFC, OS:18.0, name:iPhone 15 Pro }
		{ platform:iOS Simulator, id:8F10A773-944E-4F83-8B36-7515A9BE7EF0, OS:17.0, name:iPhone 15 Pro Max }
		{ platform:iOS Simulator, id:8F10A773-944E-4F83-8B36-7515A9BE7EF0, OS:17.0, name:iPhone 15 Pro Max }
		{ platform:iOS Simulator, id:C6F57CC4-3CD7-4215-8ECA-0D08B5D9E730, OS:18.0, name:iPhone 16 }
		{ platform:iOS Simulator, id:C6F57CC4-3CD7-4215-8ECA-0D08B5D9E730, OS:18.0, name:iPhone 16 }
		{ platform:iOS Simulator, id:CFDC2A54-A9B4-45E7-89E1-455D3D91A12C, OS:18.1, name:iPhone 16 }
		{ platform:iOS Simulator, id:CFDC2A54-A9B4-45E7-89E1-455D3D91A12C, OS:18.1, name:iPhone 16 }
		{ platform:iOS Simulator, id:CABC119D-2D43-44BE-B2A9-468320F39FE8, OS:18.0, name:iPhone 16 Plus }
		{ platform:iOS Simulator, id:CABC119D-2D43-44BE-B2A9-468320F39FE8, OS:18.0, name:iPhone 16 Plus }
		{ platform:iOS Simulator, id:25DDAB05-2D02-4040-8F6D-3E814A75FBF3, OS:18.1, name:iPhone 16 Plus }
		{ platform:iOS Simulator, id:25DDAB05-2D02-4040-8F6D-3E814A75FBF3, OS:18.1, name:iPhone 16 Plus }
		{ platform:iOS Simulator, id:7781EA7B-B20A-4C0A-AD4E-4E0FEAC2752B, OS:18.0, name:iPhone 16 Pro }
		{ platform:iOS Simulator, id:7781EA7B-B20A-4C0A-AD4E-4E0FEAC2752B, OS:18.0, name:iPhone 16 Pro }
		{ platform:iOS Simulator, id:60F216E0-4BF4-415E-84FB-A3AEC64E011F, OS:18.1, name:iPhone 16 Pro }
		{ platform:iOS Simulator, id:60F216E0-4BF4-415E-84FB-A3AEC64E011F, OS:18.1, name:iPhone 16 Pro }
		{ platform:iOS Simulator, id:2CBC97AD-83AA-4695-A7A9-8A56AF46B7A6, OS:18.0, name:iPhone 16 Pro Max }
		{ platform:iOS Simulator, id:2CBC97AD-83AA-4695-A7A9-8A56AF46B7A6, OS:18.0, name:iPhone 16 Pro Max }
		{ platform:iOS Simulator, id:1519BA59-3F52-4FED-B664-709FA75AA2FD, OS:18.1, name:iPhone 16 Pro Max }
		{ platform:iOS Simulator, id:1519BA59-3F52-4FED-B664-709FA75AA2FD, OS:18.1, name:iPhone 16 Pro Max }
		{ platform:iOS Simulator, id:6B2AC667-1F38-432C-B077-51E3E61A42A7, OS:17.0, name:iPhone SE (3rd generation) }
		{ platform:iOS Simulator, id:6B2AC667-1F38-432C-B077-51E3E61A42A7, OS:17.0, name:iPhone SE (3rd generation) }
		{ platform:iOS Simulator, id:B1ED2EB3-0D77-4BC6-9838-29D54EA05B3D, OS:18.1, name:iPhone SE (3rd generation) }
		{ platform:iOS Simulator, id:B1ED2EB3-0D77-4BC6-9838-29D54EA05B3D, OS:18.1, name:iPhone SE (3rd generation) }
